<?xml version="1.0" encoding="UTF-8"?>
<!-- Generated by org.testng.reporters.JUnitReportReporter -->
<testsuite hostname="Siva_Sainath" failures="0" tests="1" name="runner.TestRunner" time="5.600" errors="0" timestamp="2025-03-07T22:34:57 IST" skipped="0">
  <testcase classname="runner.TestRunner" name="runScenario" time="5.600"/>
  <system-out/>
</testsuite> <!-- runner.TestRunner -->
